<?xml version="1.0" encoding="UTF-8"?>
<testsuite name="ru.stqa.mantis.tests.LoginTests" tests="1" skipped="0" failures="0" errors="0" timestamp="2023-12-02T16:10:19" hostname="DESKTOP-LD4U1KU" time="3.149">
  <properties/>
  <testcase name="canLogin()" classname="ru.stqa.mantis.tests.LoginTests" time="3.149"/>
  <system-out><![CDATA[]]></system-out>
  <system-err><![CDATA[]]></system-err>
</testsuite>
